Determining if the pthread_create exist failed with the following output:
Change Dir: /home/oved/CLionProjects/testGit/Reversi_ap1/Reversi/cmake-build-debug/CMakeFiles/CMakeTmp

Run Build Command:"/usr/bin/make" "cmTC_81911/fast"
/usr/bin/make -f CMakeFiles/cmTC_81911.dir/build.make CMakeFiles/cmTC_81911.dir/build
make[1]: Entering directory '/home/oved/CLionProjects/testGit/Reversi_ap1/Reversi/cmake-build-debug/CMakeFiles/CMakeTmp'
Building C object CMakeFiles/cmTC_81911.dir/CheckSymbolExists.c.o
/usr/bin/cc    -o CMakeFiles/cmTC_81911.dir/CheckSymbolExists.c.o   -c /home/oved/CLionProjects/testGit/Reversi_ap1/Reversi/cmake-build-debug/CMakeFiles/CMakeTmp/CheckSymbolExists.c
Linking C executable cmTC_81911
/home/oved/Programs/clion-2017.2.3/bin/cmake/bin/cmake -E cmake_link_script CMakeFiles/cmTC_81911.dir/link.txt --verbose=1
/usr/bin/cc      -rdynamic CMakeFiles/cmTC_81911.dir/CheckSymbolExists.c.o  -o cmTC_81911 
CMakeFiles/cmTC_81911.dir/CheckSymbolExists.c.o: In function `main':
CheckSymbolExists.c:(.text+0x1b): undefined reference to `pthread_create'
collect2: error: ld returned 1 exit status
CMakeFiles/cmTC_81911.dir/build.make:97: recipe for target 'cmTC_81911' failed
make[1]: *** [cmTC_81911] Error 1
make[1]: Leaving directory '/home/oved/CLionProjects/testGit/Reversi_ap1/Reversi/cmake-build-debug/CMakeFiles/CMakeTmp'
Makefile:126: recipe for target 'cmTC_81911/fast' failed
make: *** [cmTC_81911/fast] Error 2

File /home/oved/CLionProjects/testGit/Reversi_ap1/Reversi/cmake-build-debug/CMakeFiles/CMakeTmp/CheckSymbolExists.c:
/* */
#include <pthread.h>

int main(int argc, char** argv)
{
  (void)argv;
#ifndef pthread_create
  return ((int*)(&pthread_create))[argc];
#else
  (void)argc;
  return 0;
#endif
}

